[debug] [2021-02-13T20:02:39.561Z] ----------------------------------------------------------------------
[debug] [2021-02-13T20:02:39.564Z] Command:       /usr/local/bin/node /usr/local/bin/firebase serve --only hosting
[debug] [2021-02-13T20:02:39.564Z] CLI Version:   9.3.0
[debug] [2021-02-13T20:02:39.565Z] Platform:      darwin
[debug] [2021-02-13T20:02:39.565Z] Node Version:  v14.15.4
[debug] [2021-02-13T20:02:39.572Z] Time:          Sat Feb 13 2021 12:02:39 GMT-0800 (Pacific Standard Time)
[debug] [2021-02-13T20:02:39.573Z] ----------------------------------------------------------------------
[debug] [2021-02-13T20:02:39.573Z] 
[debug] [2021-02-13T20:02:39.585Z] > command requires scopes: ["email","openid","https://www.googleapis.com/auth/cloudplatformprojects.readonly","https://www.googleapis.com/auth/firebase","https://www.googleapis.com/auth/cloud-platform"]
[debug] [2021-02-13T20:02:39.585Z] > authorizing via signed-in user
[debug] [2021-02-13T20:02:39.586Z] [iam] checking project default for permissions ["firebase.projects.get"]
[debug] [2021-02-13T20:02:39.590Z] >>> HTTP REQUEST POST https://cloudresourcemanager.googleapis.com/v1/projects/default:testIamPermissions  
 {"permissions":["firebase.projects.get"]}
[debug] [2021-02-13T20:02:39.970Z] <<< HTTP RESPONSE 200 {"content-type":"application/json; charset=UTF-8","vary":"X-Origin, Referer, Origin,Accept-Encoding","date":"Sat, 13 Feb 2021 20:02:40 GMT","server":"ESF","cache-control":"private","x-xss-protection":"0","x-frame-options":"SAMEORIGIN","x-content-type-options":"nosniff","server-timing":"gfet4t7; dur=269","alt-svc":"h3-29=\":443\"; ma=2592000,h3-T051=\":443\"; ma=2592000,h3-Q050=\":443\"; ma=2592000,h3-Q046=\":443\"; ma=2592000,h3-Q043=\":443\"; ma=2592000,quic=\":443\"; ma=2592000; v=\"46,43\"","accept-ranges":"none","transfer-encoding":"chunked"}
[debug] [2021-02-13T20:02:39.972Z] [iam] error while checking permissions, command may fail: FirebaseError: Authorization failed. This account is missing the following required permissions on project default:

  firebase.projects.get
[debug] [2021-02-13T20:02:39.973Z] > refreshing access token with scopes: []
[debug] [2021-02-13T20:02:39.973Z] >>> HTTP REQUEST POST https://www.googleapis.com/oauth2/v3/token  
 <request body omitted>
[debug] [2021-02-13T20:02:40.067Z] <<< HTTP RESPONSE 200 {"expires":"Mon, 01 Jan 1990 00:00:00 GMT","pragma":"no-cache","date":"Sat, 13 Feb 2021 20:02:40 GMT","cache-control":"no-cache, no-store, max-age=0, must-revalidate","content-type":"application/json; charset=utf-8","vary":"X-Origin, Referer, Origin,Accept-Encoding","server":"scaffolding on HTTPServer2","x-xss-protection":"0","x-frame-options":"SAMEORIGIN","x-content-type-options":"nosniff","alt-svc":"h3-29=\":443\"; ma=2592000,h3-T051=\":443\"; ma=2592000,h3-Q050=\":443\"; ma=2592000,h3-Q046=\":443\"; ma=2592000,h3-Q043=\":443\"; ma=2592000,quic=\":443\"; ma=2592000; v=\"46,43\"","accept-ranges":"none","transfer-encoding":"chunked"}
[debug] [2021-02-13T20:02:40.088Z] >>> [apiv2][query] GET https://firebase.googleapis.com/v1beta1/projects/default [none]
[debug] [2021-02-13T20:02:40.359Z] <<< [apiv2][status] GET https://firebase.googleapis.com/v1beta1/projects/default 403
[debug] [2021-02-13T20:02:40.359Z] <<< [apiv2][body] GET https://firebase.googleapis.com/v1beta1/projects/default {"error":{"code":403,"message":"The caller does not have permission","status":"PERMISSION_DENIED"}}
[debug] [2021-02-13T20:02:40.361Z] HTTP Error: 403, The caller does not have permission
[debug] [2021-02-13T20:02:40.516Z] FirebaseError: HTTP Error: 403, The caller does not have permission
    at module.exports (/usr/local/lib/node_modules/firebase-tools/lib/responseToError.js:38:12)
    at Client.doRequest (/usr/local/lib/node_modules/firebase-tools/lib/apiv2.js:227:23)
    at processTicksAndRejections (internal/process/task_queues.js:93:5)
    at async Client.request (/usr/local/lib/node_modules/firebase-tools/lib/apiv2.js:93:20)
    at async Object.getFirebaseProject (/usr/local/lib/node_modules/firebase-tools/lib/management/projects.js:289:21)
    at async getProjectNumber (/usr/local/lib/node_modules/firebase-tools/lib/getProjectNumber.js:11:22)
    at async /usr/local/lib/node_modules/firebase-tools/lib/command.js:161:17
[error] 
[error] Error: Failed to get Firebase project default. Please make sure the project exists and your account has permission to access it.
